        -:    0:Source:/home/mateo/Escritorio/Carrera/LaboAlgo1/labo10/tests/puntoFijoTEST.cpp
        -:    0:Graph:/home/mateo/Escritorio/Carrera/LaboAlgo1/labo10/cmake-build-debug-coverage/CMakeFiles/Labo10.dir/tests/puntoFijoTEST.cpp.gcno
        -:    0:Data:/home/mateo/Escritorio/Carrera/LaboAlgo1/labo10/cmake-build-debug-coverage/CMakeFiles/Labo10.dir/tests/puntoFijoTEST.cpp.gcda
        -:    0:Runs:1
        -:    1:#include "../ejercicios.h"
        -:    2:#include "gtest/gtest.h"
        -:    3:
    #####:    4:TEST(puntoFijo, unElemento1){
    #####:    5:	vector<int> v = {0};
    #####:    6:	int res = puntoFijo(v);
    #####:    7:	ASSERT_EQ(0, res);
    #####:    8:}
------------------
_ZN26puntoFijo_unElemento1_Test8TestBodyEv:
function _ZN26puntoFijo_unElemento1_Test8TestBodyEv called 0 returned 0% blocks executed 0%
    #####:    4:TEST(puntoFijo, unElemento1){
    #####:    5:	vector<int> v = {0};
    %%%%%:    5-block  0
call    0 never executed
call    1 never executed
branch  2 never executed
branch  3 never executed
    $$$$$:    5-block  1
    $$$$$:    5-block  2
    #####:    6:	int res = puntoFijo(v);
call    0 never executed
branch  1 never executed
branch  2 never executed
    %%%%%:    6-block  0
call    3 never executed
branch  4 never executed
branch  5 never executed
    %%%%%:    6-block  1
call    6 never executed
    $$$$$:    6-block  2
call    7 never executed
    $$$$$:    6-block  3
    #####:    7:	ASSERT_EQ(0, res);
call    0 never executed
branch  1 never executed
branch  2 never executed
    %%%%%:    7-block  0
call    3 never executed
branch  4 never executed
branch  5 never executed
    %%%%%:    7-block  1
call    6 never executed
branch  7 never executed
branch  8 never executed
    %%%%%:    7-block  2
call    9 never executed
branch 10 never executed
branch 11 never executed
    %%%%%:    7-block  3
call   12 never executed
branch 13 never executed
branch 14 never executed
    %%%%%:    7-block  4
call   15 never executed
branch 16 never executed
branch 17 never executed
    %%%%%:    7-block  5
call   18 never executed
call   19 never executed
    %%%%%:    7-block  6
    %%%%%:    7-block  7
call   20 never executed
branch 21 never executed
branch 22 never executed
    $$$$$:    7-block  8
    $$$$$:    7-block  9
call   23 never executed
    $$$$$:    7-block 10
    $$$$$:    7-block 11
call   24 never executed
    $$$$$:    7-block 12
    $$$$$:    7-block 13
call   25 never executed
    #####:    8:}
    %%%%%:    8-block  0
    %%%%%:    8-block  1
call    0 never executed
branch  1 never executed
branch  2 never executed
    $$$$$:    8-block  2
call    3 never executed
------------------
_ZN26puntoFijo_unElemento1_TestC2Ev:
function _ZN26puntoFijo_unElemento1_TestC2Ev called 0 returned 0% blocks executed 0%
    #####:    4:TEST(puntoFijo, unElemento1){
    %%%%%:    4-block  0
call    0 never executed
------------------
        -:    9:
    #####:   10:TEST(puntoFijo, unElemento2){
    #####:   11:	vector<int> v = {1};
    #####:   12:	int res = puntoFijo(v);
    #####:   13:	ASSERT_EQ(-1, res);
    #####:   14:}
------------------
_ZN26puntoFijo_unElemento2_Test8TestBodyEv:
function _ZN26puntoFijo_unElemento2_Test8TestBodyEv called 0 returned 0% blocks executed 0%
    #####:   10:TEST(puntoFijo, unElemento2){
    #####:   11:	vector<int> v = {1};
    %%%%%:   11-block  0
call    0 never executed
call    1 never executed
branch  2 never executed
branch  3 never executed
    $$$$$:   11-block  1
    $$$$$:   11-block  2
    #####:   12:	int res = puntoFijo(v);
call    0 never executed
branch  1 never executed
branch  2 never executed
    %%%%%:   12-block  0
call    3 never executed
branch  4 never executed
branch  5 never executed
    %%%%%:   12-block  1
call    6 never executed
    $$$$$:   12-block  2
call    7 never executed
    $$$$$:   12-block  3
    #####:   13:	ASSERT_EQ(-1, res);
call    0 never executed
branch  1 never executed
branch  2 never executed
    %%%%%:   13-block  0
call    3 never executed
branch  4 never executed
branch  5 never executed
    %%%%%:   13-block  1
call    6 never executed
branch  7 never executed
branch  8 never executed
    %%%%%:   13-block  2
call    9 never executed
branch 10 never executed
branch 11 never executed
    %%%%%:   13-block  3
call   12 never executed
branch 13 never executed
branch 14 never executed
    %%%%%:   13-block  4
call   15 never executed
branch 16 never executed
branch 17 never executed
    %%%%%:   13-block  5
call   18 never executed
call   19 never executed
    %%%%%:   13-block  6
    %%%%%:   13-block  7
call   20 never executed
branch 21 never executed
branch 22 never executed
    $$$$$:   13-block  8
    $$$$$:   13-block  9
call   23 never executed
    $$$$$:   13-block 10
    $$$$$:   13-block 11
call   24 never executed
    $$$$$:   13-block 12
    $$$$$:   13-block 13
call   25 never executed
    #####:   14:}
    %%%%%:   14-block  0
    %%%%%:   14-block  1
call    0 never executed
branch  1 never executed
branch  2 never executed
    $$$$$:   14-block  2
call    3 never executed
------------------
_ZN26puntoFijo_unElemento2_TestC2Ev:
function _ZN26puntoFijo_unElemento2_TestC2Ev called 0 returned 0% blocks executed 0%
    #####:   10:TEST(puntoFijo, unElemento2){
    %%%%%:   10-block  0
call    0 never executed
------------------
        -:   15:
    #####:   16:TEST(puntoFijo, noHay){
    #####:   17:	vector<int> v = {5, 8, 14, 72};
    #####:   18:	int res = puntoFijo(v);
    #####:   19:	ASSERT_EQ(-1, res);
    #####:   20:}
------------------
_ZN20puntoFijo_noHay_Test8TestBodyEv:
function _ZN20puntoFijo_noHay_Test8TestBodyEv called 0 returned 0% blocks executed 0%
    #####:   16:TEST(puntoFijo, noHay){
    #####:   17:	vector<int> v = {5, 8, 14, 72};
    %%%%%:   17-block  0
call    0 never executed
call    1 never executed
branch  2 never executed
branch  3 never executed
    $$$$$:   17-block  1
    $$$$$:   17-block  2
    #####:   18:	int res = puntoFijo(v);
call    0 never executed
branch  1 never executed
branch  2 never executed
    %%%%%:   18-block  0
call    3 never executed
branch  4 never executed
branch  5 never executed
    %%%%%:   18-block  1
call    6 never executed
    $$$$$:   18-block  2
call    7 never executed
    $$$$$:   18-block  3
    #####:   19:	ASSERT_EQ(-1, res);
call    0 never executed
branch  1 never executed
branch  2 never executed
    %%%%%:   19-block  0
call    3 never executed
branch  4 never executed
branch  5 never executed
    %%%%%:   19-block  1
call    6 never executed
branch  7 never executed
branch  8 never executed
    %%%%%:   19-block  2
call    9 never executed
branch 10 never executed
branch 11 never executed
    %%%%%:   19-block  3
call   12 never executed
branch 13 never executed
branch 14 never executed
    %%%%%:   19-block  4
call   15 never executed
branch 16 never executed
branch 17 never executed
    %%%%%:   19-block  5
call   18 never executed
call   19 never executed
    %%%%%:   19-block  6
    %%%%%:   19-block  7
call   20 never executed
branch 21 never executed
branch 22 never executed
    $$$$$:   19-block  8
    $$$$$:   19-block  9
call   23 never executed
    $$$$$:   19-block 10
    $$$$$:   19-block 11
call   24 never executed
    $$$$$:   19-block 12
    $$$$$:   19-block 13
call   25 never executed
    #####:   20:}
    %%%%%:   20-block  0
    %%%%%:   20-block  1
call    0 never executed
branch  1 never executed
branch  2 never executed
    $$$$$:   20-block  2
call    3 never executed
------------------
_ZN20puntoFijo_noHay_TestC2Ev:
function _ZN20puntoFijo_noHay_TestC2Ev called 0 returned 0% blocks executed 0%
    #####:   16:TEST(puntoFijo, noHay){
    %%%%%:   16-block  0
call    0 never executed
------------------
        -:   21:
    #####:   22:TEST(puntoFijo, enElMedio){
    #####:   23:	vector<int> v = {-10,-8,-2,3,8,10};
    #####:   24:	int res = puntoFijo(v);
    #####:   25:	ASSERT_EQ(3, res);
    #####:   26:}
------------------
_ZN24puntoFijo_enElMedio_Test8TestBodyEv:
function _ZN24puntoFijo_enElMedio_Test8TestBodyEv called 0 returned 0% blocks executed 0%
    #####:   22:TEST(puntoFijo, enElMedio){
    #####:   23:	vector<int> v = {-10,-8,-2,3,8,10};
    %%%%%:   23-block  0
call    0 never executed
call    1 never executed
branch  2 never executed
branch  3 never executed
    $$$$$:   23-block  1
    $$$$$:   23-block  2
    #####:   24:	int res = puntoFijo(v);
call    0 never executed
branch  1 never executed
branch  2 never executed
    %%%%%:   24-block  0
call    3 never executed
branch  4 never executed
branch  5 never executed
    %%%%%:   24-block  1
call    6 never executed
    $$$$$:   24-block  2
call    7 never executed
    $$$$$:   24-block  3
    #####:   25:	ASSERT_EQ(3, res);
call    0 never executed
branch  1 never executed
branch  2 never executed
    %%%%%:   25-block  0
call    3 never executed
branch  4 never executed
branch  5 never executed
    %%%%%:   25-block  1
call    6 never executed
branch  7 never executed
branch  8 never executed
    %%%%%:   25-block  2
call    9 never executed
branch 10 never executed
branch 11 never executed
    %%%%%:   25-block  3
call   12 never executed
branch 13 never executed
branch 14 never executed
    %%%%%:   25-block  4
call   15 never executed
branch 16 never executed
branch 17 never executed
    %%%%%:   25-block  5
call   18 never executed
call   19 never executed
    %%%%%:   25-block  6
    %%%%%:   25-block  7
call   20 never executed
branch 21 never executed
branch 22 never executed
    $$$$$:   25-block  8
    $$$$$:   25-block  9
call   23 never executed
    $$$$$:   25-block 10
    $$$$$:   25-block 11
call   24 never executed
    $$$$$:   25-block 12
    $$$$$:   25-block 13
call   25 never executed
    #####:   26:}
    %%%%%:   26-block  0
    %%%%%:   26-block  1
call    0 never executed
branch  1 never executed
branch  2 never executed
    $$$$$:   26-block  2
call    3 never executed
------------------
_ZN24puntoFijo_enElMedio_TestC2Ev:
function _ZN24puntoFijo_enElMedio_TestC2Ev called 0 returned 0% blocks executed 0%
    #####:   22:TEST(puntoFijo, enElMedio){
    %%%%%:   22-block  0
call    0 never executed
------------------
        -:   27:
    #####:   28:TEST(puntoFijo, alFinal){
    #####:   29:	vector<int> v = {-10,-8,-2,2,3,5};
    #####:   30:	int res = puntoFijo(v);
    #####:   31:	ASSERT_EQ(5, res);
    #####:   32:}
------------------
_ZN22puntoFijo_alFinal_Test8TestBodyEv:
function _ZN22puntoFijo_alFinal_Test8TestBodyEv called 0 returned 0% blocks executed 0%
    #####:   28:TEST(puntoFijo, alFinal){
    #####:   29:	vector<int> v = {-10,-8,-2,2,3,5};
    %%%%%:   29-block  0
call    0 never executed
call    1 never executed
branch  2 never executed
branch  3 never executed
    $$$$$:   29-block  1
    $$$$$:   29-block  2
    #####:   30:	int res = puntoFijo(v);
call    0 never executed
branch  1 never executed
branch  2 never executed
    %%%%%:   30-block  0
call    3 never executed
branch  4 never executed
branch  5 never executed
    %%%%%:   30-block  1
call    6 never executed
    $$$$$:   30-block  2
call    7 never executed
    $$$$$:   30-block  3
    #####:   31:	ASSERT_EQ(5, res);
call    0 never executed
branch  1 never executed
branch  2 never executed
    %%%%%:   31-block  0
call    3 never executed
branch  4 never executed
branch  5 never executed
    %%%%%:   31-block  1
call    6 never executed
branch  7 never executed
branch  8 never executed
    %%%%%:   31-block  2
call    9 never executed
branch 10 never executed
branch 11 never executed
    %%%%%:   31-block  3
call   12 never executed
branch 13 never executed
branch 14 never executed
    %%%%%:   31-block  4
call   15 never executed
branch 16 never executed
branch 17 never executed
    %%%%%:   31-block  5
call   18 never executed
call   19 never executed
    %%%%%:   31-block  6
    %%%%%:   31-block  7
call   20 never executed
branch 21 never executed
branch 22 never executed
    $$$$$:   31-block  8
    $$$$$:   31-block  9
call   23 never executed
    $$$$$:   31-block 10
    $$$$$:   31-block 11
call   24 never executed
    $$$$$:   31-block 12
    $$$$$:   31-block 13
call   25 never executed
    #####:   32:}
    %%%%%:   32-block  0
    %%%%%:   32-block  1
call    0 never executed
branch  1 never executed
branch  2 never executed
    $$$$$:   32-block  2
call    3 never executed
------------------
_ZN22puntoFijo_alFinal_TestC2Ev:
function _ZN22puntoFijo_alFinal_TestC2Ev called 0 returned 0% blocks executed 0%
    #####:   28:TEST(puntoFijo, alFinal){
    %%%%%:   28-block  0
call    0 never executed
------------------
        -:   33:
    #####:   34:TEST(puntoFijo, repes){
    #####:   35:	vector<int> v = {-10,-8,-2,3,4,5};
    #####:   36:	int res = puntoFijo(v);
    #####:   37:	ASSERT_EQ(3, res);
    #####:   38:}
------------------
_ZN20puntoFijo_repes_Test8TestBodyEv:
function _ZN20puntoFijo_repes_Test8TestBodyEv called 0 returned 0% blocks executed 0%
    #####:   34:TEST(puntoFijo, repes){
    #####:   35:	vector<int> v = {-10,-8,-2,3,4,5};
    %%%%%:   35-block  0
call    0 never executed
call    1 never executed
branch  2 never executed
branch  3 never executed
    $$$$$:   35-block  1
    $$$$$:   35-block  2
    #####:   36:	int res = puntoFijo(v);
call    0 never executed
branch  1 never executed
branch  2 never executed
    %%%%%:   36-block  0
call    3 never executed
branch  4 never executed
branch  5 never executed
    %%%%%:   36-block  1
call    6 never executed
    $$$$$:   36-block  2
call    7 never executed
    $$$$$:   36-block  3
    #####:   37:	ASSERT_EQ(3, res);
call    0 never executed
branch  1 never executed
branch  2 never executed
    %%%%%:   37-block  0
call    3 never executed
branch  4 never executed
branch  5 never executed
    %%%%%:   37-block  1
call    6 never executed
branch  7 never executed
branch  8 never executed
    %%%%%:   37-block  2
call    9 never executed
branch 10 never executed
branch 11 never executed
    %%%%%:   37-block  3
call   12 never executed
branch 13 never executed
branch 14 never executed
    %%%%%:   37-block  4
call   15 never executed
branch 16 never executed
branch 17 never executed
    %%%%%:   37-block  5
call   18 never executed
call   19 never executed
    %%%%%:   37-block  6
    %%%%%:   37-block  7
call   20 never executed
branch 21 never executed
branch 22 never executed
    $$$$$:   37-block  8
    $$$$$:   37-block  9
call   23 never executed
    $$$$$:   37-block 10
    $$$$$:   37-block 11
call   24 never executed
    $$$$$:   37-block 12
    $$$$$:   37-block 13
call   25 never executed
    #####:   38:}
    %%%%%:   38-block  0
    %%%%%:   38-block  1
call    0 never executed
branch  1 never executed
branch  2 never executed
    $$$$$:   38-block  2
call    3 never executed
------------------
_ZN20puntoFijo_repes_TestC2Ev:
function _ZN20puntoFijo_repes_TestC2Ev called 0 returned 0% blocks executed 0%
    #####:   34:TEST(puntoFijo, repes){
    %%%%%:   34-block  0
call    0 never executed
------------------
